<?xml version="1.0" encoding="UTF-8"?>
<testng-results skipped="0" failed="0" ignored="0" total="1" passed="1">
  <reporter-output>
  </reporter-output>
  <suite name="Default suite" duration-ms="15958" started-at="2021-09-07T21:15:21 IST" finished-at="2021-09-07T21:15:37 IST">
    <groups>
    </groups>
    <test name="Default test" duration-ms="15958" started-at="2021-09-07T21:15:21 IST" finished-at="2021-09-07T21:15:37 IST">
      <class name="Registeration_Page">
        <test-method status="PASS" signature="getURL()[pri:0, instance:Registeration_Page@3a883ce7]" name="getURL" duration-ms="15930" started-at="2021-09-07T21:15:21 IST" finished-at="2021-09-07T21:15:37 IST">
          <reporter-output>
          </reporter-output>
        </test-method> <!-- getURL -->
      </class> <!-- Registeration_Page -->
    </test> <!-- Default test -->
  </suite> <!-- Default suite -->
</testng-results>
